DEBUG 2024-10-07 02:30:40,455 utils (0.000) 
            SELECT name, type FROM sqlite_master
            WHERE type in ('table', 'view') AND NOT name='sqlite_sequence'
            ORDER BY name; args=None; alias=default
DEBUG 2024-10-07 02:30:40,456 utils (0.000) SELECT "django_migrations"."id", "django_migrations"."app", "django_migrations"."name", "django_migrations"."applied" FROM "django_migrations"; args=(); alias=default
DEBUG 2024-10-07 02:31:23,415 utils (0.000) BEGIN; args=None; alias=default
DEBUG 2024-10-07 02:31:23,416 utils (0.000) SELECT JSON('{"a": "b"}'); args=None; alias=default
DEBUG 2024-10-07 02:31:23,416 utils (0.000) COMMIT; args=None; alias=default
DEBUG 2024-10-07 02:31:23,585 utils (0.001) 
            SELECT name, type FROM sqlite_master
            WHERE type in ('table', 'view') AND NOT name='sqlite_sequence'
            ORDER BY name; args=None; alias=default
DEBUG 2024-10-07 02:31:23,587 utils (0.000) SELECT "django_migrations"."id", "django_migrations"."app", "django_migrations"."name", "django_migrations"."applied" FROM "django_migrations"; args=(); alias=default
DEBUG 2024-10-07 02:31:23,587 utils (0.000) 
            SELECT name, type FROM sqlite_master
            WHERE type in ('table', 'view') AND NOT name='sqlite_sequence'
            ORDER BY name; args=None; alias=default
DEBUG 2024-10-07 02:31:23,587 utils (0.000) SELECT "django_migrations"."id", "django_migrations"."app", "django_migrations"."name", "django_migrations"."applied" FROM "django_migrations"; args=(); alias=default
DEBUG 2024-10-07 02:31:23,592 utils (0.000) 
            SELECT name, type FROM sqlite_master
            WHERE type in ('table', 'view') AND NOT name='sqlite_sequence'
            ORDER BY name; args=None; alias=default
DEBUG 2024-10-07 02:31:23,592 utils (0.000) PRAGMA foreign_keys = OFF; args=None; alias=default
DEBUG 2024-10-07 02:31:23,592 utils (0.000) PRAGMA foreign_keys; args=None; alias=default
DEBUG 2024-10-07 02:31:23,592 utils (0.000) BEGIN; args=None; alias=default
DEBUG 2024-10-07 02:31:23,593 schema CREATE TABLE "new__course_maker_courses" ("id" integer NOT NULL PRIMARY KEY AUTOINCREMENT, "course_description" text NOT NULL, "participants_info" text NOT NULL, "prerequisite_knowledge" text NOT NULL, "content_lang" varchar(2) NOT NULL, "course_type" varchar(15) NOT NULL, "knowledge_level" varchar(8) NOT NULL, "duration" varchar(1) NOT NULL, "practice" varchar(9) NOT NULL, "optimized_for_mooc" bool NOT NULL, "project_based" bool NOT NULL, "assignment" bool NOT NULL, "long_course_support" bool NOT NULL, "course_title" varchar(200) NOT NULL, "available_material" varchar(100) NULL); (params None)
DEBUG 2024-10-07 02:31:23,594 utils (0.000) CREATE TABLE "new__course_maker_courses" ("id" integer NOT NULL PRIMARY KEY AUTOINCREMENT, "course_description" text NOT NULL, "participants_info" text NOT NULL, "prerequisite_knowledge" text NOT NULL, "content_lang" varchar(2) NOT NULL, "course_type" varchar(15) NOT NULL, "knowledge_level" varchar(8) NOT NULL, "duration" varchar(1) NOT NULL, "practice" varchar(9) NOT NULL, "optimized_for_mooc" bool NOT NULL, "project_based" bool NOT NULL, "assignment" bool NOT NULL, "long_course_support" bool NOT NULL, "course_title" varchar(200) NOT NULL, "available_material" varchar(100) NULL); args=None; alias=default
DEBUG 2024-10-07 02:31:23,594 schema INSERT INTO "new__course_maker_courses" ("id", "course_description", "participants_info", "prerequisite_knowledge", "content_lang", "course_type", "knowledge_level", "duration", "practice", "optimized_for_mooc", "project_based", "assignment", "long_course_support", "course_title", "available_material") SELECT "id", "course_description", "participants_info", "prerequisite_knowledge", "content_lang", "course_type", "knowledge_level", "duration", "practice", "optimized_for_mooc", "project_based", "assignment", "long_course_support", "course_title", "available_material" FROM "course_maker_courses"; (params ())
DEBUG 2024-10-07 02:31:23,594 utils (0.000) INSERT INTO "new__course_maker_courses" ("id", "course_description", "participants_info", "prerequisite_knowledge", "content_lang", "course_type", "knowledge_level", "duration", "practice", "optimized_for_mooc", "project_based", "assignment", "long_course_support", "course_title", "available_material") SELECT "id", "course_description", "participants_info", "prerequisite_knowledge", "content_lang", "course_type", "knowledge_level", "duration", "practice", "optimized_for_mooc", "project_based", "assignment", "long_course_support", "course_title", "available_material" FROM "course_maker_courses"; args=(); alias=default
DEBUG 2024-10-07 02:31:23,594 schema DROP TABLE "course_maker_courses"; (params ())
DEBUG 2024-10-07 02:31:23,594 utils (0.000) DROP TABLE "course_maker_courses"; args=(); alias=default
DEBUG 2024-10-07 02:31:23,594 schema ALTER TABLE "new__course_maker_courses" RENAME TO "course_maker_courses"; (params ())
DEBUG 2024-10-07 02:31:23,595 utils (0.000) ALTER TABLE "new__course_maker_courses" RENAME TO "course_maker_courses"; args=(); alias=default
DEBUG 2024-10-07 02:31:23,595 utils (0.000) INSERT INTO "django_migrations" ("app", "name", "applied") VALUES ('course_maker', '0009_alter_courses_available_material', '2024-10-07 02:31:23.595161') RETURNING "django_migrations"."id"; args=('course_maker', '0009_alter_courses_available_material', '2024-10-07 02:31:23.595161'); alias=default
DEBUG 2024-10-07 02:31:23,595 utils (0.000) PRAGMA foreign_key_check; args=None; alias=default
DEBUG 2024-10-07 02:31:23,596 utils (0.000) COMMIT; args=None; alias=default
DEBUG 2024-10-07 02:31:23,596 utils (0.000) PRAGMA foreign_keys = ON; args=None; alias=default
DEBUG 2024-10-07 02:31:23,596 utils (0.000) SELECT "django_migrations"."id", "django_migrations"."app", "django_migrations"."name", "django_migrations"."applied" FROM "django_migrations"; args=(); alias=default
DEBUG 2024-10-07 02:31:23,600 utils (0.000) SELECT "django_content_type"."id", "django_content_type"."app_label", "django_content_type"."model" FROM "django_content_type" WHERE "django_content_type"."app_label" = 'admin'; args=('admin',); alias=default
DEBUG 2024-10-07 02:31:23,600 utils (0.000) SELECT "django_content_type"."id", "django_content_type"."app_label", "django_content_type"."model" FROM "django_content_type" WHERE ("django_content_type"."app_label" = 'admin' AND "django_content_type"."model" IN ('logentry')); args=('admin', 'logentry'); alias=default
DEBUG 2024-10-07 02:31:23,601 utils (0.000) SELECT "auth_permission"."content_type_id", "auth_permission"."codename" FROM "auth_permission" INNER JOIN "django_content_type" ON ("auth_permission"."content_type_id" = "django_content_type"."id") WHERE "auth_permission"."content_type_id" IN (1) ORDER BY "django_content_type"."app_label" ASC, "django_content_type"."model" ASC, "auth_permission"."codename" ASC; args=(1,); alias=default
DEBUG 2024-10-07 02:31:23,601 utils (0.000) SELECT "django_content_type"."id", "django_content_type"."app_label", "django_content_type"."model" FROM "django_content_type" WHERE "django_content_type"."app_label" = 'admin'; args=('admin',); alias=default
DEBUG 2024-10-07 02:31:23,601 utils (0.000) SELECT "django_content_type"."id", "django_content_type"."app_label", "django_content_type"."model" FROM "django_content_type" WHERE "django_content_type"."app_label" = 'auth'; args=('auth',); alias=default
DEBUG 2024-10-07 02:31:23,601 utils (0.000) SELECT "django_content_type"."id", "django_content_type"."app_label", "django_content_type"."model" FROM "django_content_type" WHERE ("django_content_type"."app_label" = 'auth' AND "django_content_type"."model" IN ('user', 'group', 'permission')); args=('auth', 'user', 'group', 'permission'); alias=default
DEBUG 2024-10-07 02:31:23,602 utils (0.000) SELECT "auth_permission"."content_type_id", "auth_permission"."codename" FROM "auth_permission" INNER JOIN "django_content_type" ON ("auth_permission"."content_type_id" = "django_content_type"."id") WHERE "auth_permission"."content_type_id" IN (2, 3, 4) ORDER BY "django_content_type"."app_label" ASC, "django_content_type"."model" ASC, "auth_permission"."codename" ASC; args=(2, 3, 4); alias=default
DEBUG 2024-10-07 02:31:23,602 utils (0.000) SELECT "django_content_type"."id", "django_content_type"."app_label", "django_content_type"."model" FROM "django_content_type" WHERE "django_content_type"."app_label" = 'auth'; args=('auth',); alias=default
DEBUG 2024-10-07 02:31:23,602 utils (0.000) SELECT "django_content_type"."id", "django_content_type"."app_label", "django_content_type"."model" FROM "django_content_type" WHERE "django_content_type"."app_label" = 'contenttypes'; args=('contenttypes',); alias=default
DEBUG 2024-10-07 02:31:23,602 utils (0.000) SELECT "django_content_type"."id", "django_content_type"."app_label", "django_content_type"."model" FROM "django_content_type" WHERE ("django_content_type"."app_label" = 'contenttypes' AND "django_content_type"."model" IN ('contenttype')); args=('contenttypes', 'contenttype'); alias=default
DEBUG 2024-10-07 02:31:23,602 utils (0.000) SELECT "auth_permission"."content_type_id", "auth_permission"."codename" FROM "auth_permission" INNER JOIN "django_content_type" ON ("auth_permission"."content_type_id" = "django_content_type"."id") WHERE "auth_permission"."content_type_id" IN (5) ORDER BY "django_content_type"."app_label" ASC, "django_content_type"."model" ASC, "auth_permission"."codename" ASC; args=(5,); alias=default
DEBUG 2024-10-07 02:31:23,603 utils (0.000) SELECT "django_content_type"."id", "django_content_type"."app_label", "django_content_type"."model" FROM "django_content_type" WHERE "django_content_type"."app_label" = 'contenttypes'; args=('contenttypes',); alias=default
DEBUG 2024-10-07 02:31:23,603 utils (0.000) SELECT "django_content_type"."id", "django_content_type"."app_label", "django_content_type"."model" FROM "django_content_type" WHERE "django_content_type"."app_label" = 'sessions'; args=('sessions',); alias=default
DEBUG 2024-10-07 02:31:23,603 utils (0.000) SELECT "django_content_type"."id", "django_content_type"."app_label", "django_content_type"."model" FROM "django_content_type" WHERE ("django_content_type"."app_label" = 'sessions' AND "django_content_type"."model" IN ('session')); args=('sessions', 'session'); alias=default
DEBUG 2024-10-07 02:31:23,603 utils (0.000) SELECT "auth_permission"."content_type_id", "auth_permission"."codename" FROM "auth_permission" INNER JOIN "django_content_type" ON ("auth_permission"."content_type_id" = "django_content_type"."id") WHERE "auth_permission"."content_type_id" IN (6) ORDER BY "django_content_type"."app_label" ASC, "django_content_type"."model" ASC, "auth_permission"."codename" ASC; args=(6,); alias=default
DEBUG 2024-10-07 02:31:23,603 utils (0.000) SELECT "django_content_type"."id", "django_content_type"."app_label", "django_content_type"."model" FROM "django_content_type" WHERE "django_content_type"."app_label" = 'sessions'; args=('sessions',); alias=default
DEBUG 2024-10-07 02:31:23,603 utils (0.000) SELECT "django_content_type"."id", "django_content_type"."app_label", "django_content_type"."model" FROM "django_content_type" WHERE "django_content_type"."app_label" = 'formtools'; args=('formtools',); alias=default
DEBUG 2024-10-07 02:31:23,604 utils (0.000) SELECT "django_content_type"."id", "django_content_type"."app_label", "django_content_type"."model" FROM "django_content_type" WHERE "django_content_type"."app_label" = 'formtools'; args=('formtools',); alias=default
DEBUG 2024-10-07 02:31:23,604 utils (0.000) SELECT "django_content_type"."id", "django_content_type"."app_label", "django_content_type"."model" FROM "django_content_type" WHERE "django_content_type"."app_label" = 'course_maker'; args=('course_maker',); alias=default
DEBUG 2024-10-07 02:31:23,604 utils (0.000) SELECT "django_content_type"."id", "django_content_type"."app_label", "django_content_type"."model" FROM "django_content_type" WHERE ("django_content_type"."app_label" = 'course_maker' AND "django_content_type"."model" IN ('contentlisting', 'content', 'quiz', 'learningoutcome', 'courses')); args=('course_maker', 'contentlisting', 'content', 'quiz', 'learningoutcome', 'courses'); alias=default
DEBUG 2024-10-07 02:31:23,604 utils (0.000) SELECT "auth_permission"."content_type_id", "auth_permission"."codename" FROM "auth_permission" INNER JOIN "django_content_type" ON ("auth_permission"."content_type_id" = "django_content_type"."id") WHERE "auth_permission"."content_type_id" IN (7, 8, 9, 10, 11) ORDER BY "django_content_type"."app_label" ASC, "django_content_type"."model" ASC, "auth_permission"."codename" ASC; args=(7, 8, 9, 10, 11); alias=default
DEBUG 2024-10-07 02:31:23,604 utils (0.000) SELECT "django_content_type"."id", "django_content_type"."app_label", "django_content_type"."model" FROM "django_content_type" WHERE "django_content_type"."app_label" = 'course_maker'; args=('course_maker',); alias=default
DEBUG 2024-10-07 02:31:57,637 utils (0.000) BEGIN; args=None; alias=default
DEBUG 2024-10-07 02:31:57,637 utils (0.000) SELECT JSON('{"a": "b"}'); args=None; alias=default
DEBUG 2024-10-07 02:31:57,637 utils (0.000) COMMIT; args=None; alias=default
DEBUG 2024-10-07 02:31:57,823 utils (0.000) 
            SELECT name, type FROM sqlite_master
            WHERE type in ('table', 'view') AND NOT name='sqlite_sequence'
            ORDER BY name; args=None; alias=default
DEBUG 2024-10-07 02:31:57,824 utils (0.000) SELECT "django_migrations"."id", "django_migrations"."app", "django_migrations"."name", "django_migrations"."applied" FROM "django_migrations"; args=(); alias=default
DEBUG 2024-10-07 02:31:57,824 utils (0.000) 
            SELECT name, type FROM sqlite_master
            WHERE type in ('table', 'view') AND NOT name='sqlite_sequence'
            ORDER BY name; args=None; alias=default
DEBUG 2024-10-07 02:31:57,824 utils (0.000) SELECT "django_migrations"."id", "django_migrations"."app", "django_migrations"."name", "django_migrations"."applied" FROM "django_migrations"; args=(); alias=default
DEBUG 2024-10-07 02:31:57,832 utils (0.000) 
            SELECT name, type FROM sqlite_master
            WHERE type in ('table', 'view') AND NOT name='sqlite_sequence'
            ORDER BY name; args=None; alias=default
DEBUG 2024-10-07 02:31:57,832 utils (0.000) SELECT "django_migrations"."id", "django_migrations"."app", "django_migrations"."name", "django_migrations"."applied" FROM "django_migrations"; args=(); alias=default
DEBUG 2024-10-07 02:31:57,833 utils (0.000) SELECT "django_content_type"."id", "django_content_type"."app_label", "django_content_type"."model" FROM "django_content_type" WHERE "django_content_type"."app_label" = 'admin'; args=('admin',); alias=default
DEBUG 2024-10-07 02:31:57,833 utils (0.000) SELECT "django_content_type"."id", "django_content_type"."app_label", "django_content_type"."model" FROM "django_content_type" WHERE ("django_content_type"."app_label" = 'admin' AND "django_content_type"."model" IN ('logentry')); args=('admin', 'logentry'); alias=default
DEBUG 2024-10-07 02:31:57,834 utils (0.000) SELECT "auth_permission"."content_type_id", "auth_permission"."codename" FROM "auth_permission" INNER JOIN "django_content_type" ON ("auth_permission"."content_type_id" = "django_content_type"."id") WHERE "auth_permission"."content_type_id" IN (1) ORDER BY "django_content_type"."app_label" ASC, "django_content_type"."model" ASC, "auth_permission"."codename" ASC; args=(1,); alias=default
DEBUG 2024-10-07 02:31:57,834 utils (0.000) SELECT "django_content_type"."id", "django_content_type"."app_label", "django_content_type"."model" FROM "django_content_type" WHERE "django_content_type"."app_label" = 'admin'; args=('admin',); alias=default
DEBUG 2024-10-07 02:31:57,834 utils (0.000) SELECT "django_content_type"."id", "django_content_type"."app_label", "django_content_type"."model" FROM "django_content_type" WHERE "django_content_type"."app_label" = 'auth'; args=('auth',); alias=default
DEBUG 2024-10-07 02:31:57,834 utils (0.000) SELECT "django_content_type"."id", "django_content_type"."app_label", "django_content_type"."model" FROM "django_content_type" WHERE ("django_content_type"."app_label" = 'auth' AND "django_content_type"."model" IN ('user', 'group', 'permission')); args=('auth', 'user', 'group', 'permission'); alias=default
DEBUG 2024-10-07 02:31:57,835 utils (0.000) SELECT "auth_permission"."content_type_id", "auth_permission"."codename" FROM "auth_permission" INNER JOIN "django_content_type" ON ("auth_permission"."content_type_id" = "django_content_type"."id") WHERE "auth_permission"."content_type_id" IN (2, 3, 4) ORDER BY "django_content_type"."app_label" ASC, "django_content_type"."model" ASC, "auth_permission"."codename" ASC; args=(2, 3, 4); alias=default
DEBUG 2024-10-07 02:31:57,835 utils (0.000) SELECT "django_content_type"."id", "django_content_type"."app_label", "django_content_type"."model" FROM "django_content_type" WHERE "django_content_type"."app_label" = 'auth'; args=('auth',); alias=default
DEBUG 2024-10-07 02:31:57,835 utils (0.000) SELECT "django_content_type"."id", "django_content_type"."app_label", "django_content_type"."model" FROM "django_content_type" WHERE "django_content_type"."app_label" = 'contenttypes'; args=('contenttypes',); alias=default
DEBUG 2024-10-07 02:31:57,835 utils (0.000) SELECT "django_content_type"."id", "django_content_type"."app_label", "django_content_type"."model" FROM "django_content_type" WHERE ("django_content_type"."app_label" = 'contenttypes' AND "django_content_type"."model" IN ('contenttype')); args=('contenttypes', 'contenttype'); alias=default
DEBUG 2024-10-07 02:31:57,836 utils (0.000) SELECT "auth_permission"."content_type_id", "auth_permission"."codename" FROM "auth_permission" INNER JOIN "django_content_type" ON ("auth_permission"."content_type_id" = "django_content_type"."id") WHERE "auth_permission"."content_type_id" IN (5) ORDER BY "django_content_type"."app_label" ASC, "django_content_type"."model" ASC, "auth_permission"."codename" ASC; args=(5,); alias=default
DEBUG 2024-10-07 02:31:57,836 utils (0.000) SELECT "django_content_type"."id", "django_content_type"."app_label", "django_content_type"."model" FROM "django_content_type" WHERE "django_content_type"."app_label" = 'contenttypes'; args=('contenttypes',); alias=default
DEBUG 2024-10-07 02:31:57,836 utils (0.000) SELECT "django_content_type"."id", "django_content_type"."app_label", "django_content_type"."model" FROM "django_content_type" WHERE "django_content_type"."app_label" = 'sessions'; args=('sessions',); alias=default
DEBUG 2024-10-07 02:31:57,836 utils (0.000) SELECT "django_content_type"."id", "django_content_type"."app_label", "django_content_type"."model" FROM "django_content_type" WHERE ("django_content_type"."app_label" = 'sessions' AND "django_content_type"."model" IN ('session')); args=('sessions', 'session'); alias=default
DEBUG 2024-10-07 02:31:57,836 utils (0.000) SELECT "auth_permission"."content_type_id", "auth_permission"."codename" FROM "auth_permission" INNER JOIN "django_content_type" ON ("auth_permission"."content_type_id" = "django_content_type"."id") WHERE "auth_permission"."content_type_id" IN (6) ORDER BY "django_content_type"."app_label" ASC, "django_content_type"."model" ASC, "auth_permission"."codename" ASC; args=(6,); alias=default
DEBUG 2024-10-07 02:31:57,836 utils (0.000) SELECT "django_content_type"."id", "django_content_type"."app_label", "django_content_type"."model" FROM "django_content_type" WHERE "django_content_type"."app_label" = 'sessions'; args=('sessions',); alias=default
DEBUG 2024-10-07 02:31:57,837 utils (0.000) SELECT "django_content_type"."id", "django_content_type"."app_label", "django_content_type"."model" FROM "django_content_type" WHERE "django_content_type"."app_label" = 'formtools'; args=('formtools',); alias=default
DEBUG 2024-10-07 02:31:57,837 utils (0.000) SELECT "django_content_type"."id", "django_content_type"."app_label", "django_content_type"."model" FROM "django_content_type" WHERE "django_content_type"."app_label" = 'formtools'; args=('formtools',); alias=default
DEBUG 2024-10-07 02:31:57,837 utils (0.000) SELECT "django_content_type"."id", "django_content_type"."app_label", "django_content_type"."model" FROM "django_content_type" WHERE "django_content_type"."app_label" = 'course_maker'; args=('course_maker',); alias=default
DEBUG 2024-10-07 02:31:57,837 utils (0.000) SELECT "django_content_type"."id", "django_content_type"."app_label", "django_content_type"."model" FROM "django_content_type" WHERE ("django_content_type"."app_label" = 'course_maker' AND "django_content_type"."model" IN ('quiz', 'courses', 'contentlisting', 'content', 'learningoutcome')); args=('course_maker', 'quiz', 'courses', 'contentlisting', 'content', 'learningoutcome'); alias=default
DEBUG 2024-10-07 02:31:57,838 utils (0.000) SELECT "auth_permission"."content_type_id", "auth_permission"."codename" FROM "auth_permission" INNER JOIN "django_content_type" ON ("auth_permission"."content_type_id" = "django_content_type"."id") WHERE "auth_permission"."content_type_id" IN (7, 8, 9, 10, 11) ORDER BY "django_content_type"."app_label" ASC, "django_content_type"."model" ASC, "auth_permission"."codename" ASC; args=(7, 8, 9, 10, 11); alias=default
DEBUG 2024-10-07 02:31:57,838 utils (0.000) SELECT "django_content_type"."id", "django_content_type"."app_label", "django_content_type"."model" FROM "django_content_type" WHERE "django_content_type"."app_label" = 'course_maker'; args=('course_maker',); alias=default
